============================= test session starts ==============================
platform linux -- Python 3.12.3, pytest-9.0.3, pluggy-1.6.0 -- /home/donghv/Projects/Edge-RAG/.venv/bin/python3
cachedir: .pytest_cache
rootdir: /home/donghv/Projects/Edge-RAG
plugins: anyio-4.13.0
collecting ... collected 16 items

CRVE/tests/test_gate1_selection.py::test_canonical_pool_properties PASSED [  6%]
CRVE/tests/test_gate1_selection.py::test_pool_set_membership_invariance PASSED [ 12%]
CRVE/tests/test_gate1_selection.py::test_action_partition_exclusivity PASSED [ 18%]
CRVE/tests/test_gate1_selection.py::test_cutoff_entries_contract PASSED  [ 25%]
CRVE/tests/test_gate1_selection.py::test_rrf_tie_breaking PASSED         [ 31%]
CRVE/tests/test_gate1_selection.py::test_anchor_bge_all_vs_filtered PASSED [ 37%]
CRVE/tests/test_gate1_selection.py::test_ppmi_sidecar_fidelity PASSED    [ 43%]
CRVE/tests/test_gate1_selection.py::test_acronym_rescue PASSED           [ 50%]
CRVE/tests/test_gate1_selection.py::test_sparse_lexical_context_proposer PASSED [ 56%]
CRVE/tests/test_gate1_selection.py::test_build_resource_guard_trigger PASSED [ 62%]
CRVE/tests/test_gate1_selection.py::test_duplicate_manifest_qid_rejection PASSED [ 68%]
CRVE/tests/test_gate1_selection.py::test_stale_shard_rejection PASSED    [ 75%]
CRVE/tests/test_gate1_selection.py::test_action_coverage_set_equality PASSED [ 81%]
CRVE/tests/test_gate1_selection.py::test_bright_exclusions_depth_compensation PASSED [ 87%]
CRVE/tests/test_gate1_selection.py::test_live_ppmi_universe_invariance PASSED [ 93%]
CRVE/tests/test_gate1_selection.py::test_sidecar_provenance_mismatch_rejection PASSED [100%]

=============================== warnings summary ===============================
<frozen importlib._bootstrap>:488
  <frozen importlib._bootstrap>:488: DeprecationWarning: builtin type SwigPyPacked has no __module__ attribute

<frozen importlib._bootstrap>:488
  <frozen importlib._bootstrap>:488: DeprecationWarning: builtin type SwigPyObject has no __module__ attribute

-- Docs: https://docs.pytest.org/en/stable/how-to/capture-warnings.html
======================== 16 passed, 2 warnings in 4.75s ========================
sys:1: DeprecationWarning: builtin type swigvarlink has no __module__ attribute
